<?xml version="1.0" encoding="UTF-8"?>
<!-- Generated by org.testng.reporters.JUnitReportReporter -->
<testsuite hostname="DESKTOP-BPVABRI" failures="0" tests="1" name="smoke.OpenChromeTest" time="50.681" errors="0" timestamp="2023-12-09T13:01:31 IST" skipped="0">
  <testcase classname="smoke.OpenChromeTest" name="chromeTest" time="50.681"/>
</testsuite> <!-- smoke.OpenChromeTest -->
